<?xml version="1.0" encoding="UTF-8"?>
<testsuite xmlns:xsi="http://www.w3.org/2001/XMLSchema-instance" xsi:noNamespaceSchemaLocation="https://maven.apache.org/surefire/maven-surefire-plugin/xsd/surefire-test-report-3.0.xsd" version="3.0" name="io.github.lystrosaurus.admin.entity.BaseEntityTest" time="0.006" tests="3" errors="0" skipped="0" failures="0">
  <properties>
[...]
</properties>
  <testcase name="should_create_base_entity_with_default_values" classname="io.github.lystrosaurus.admin.entity.BaseEntityTest" time="0.001"/>
  <testcase name="should_implement_serializable" classname="io.github.lystrosaurus.admin.entity.BaseEntityTest" time="0.002"/>
  <testcase name="should_set_and_get_values_correctly" classname="io.github.lystrosaurus.admin.entity.BaseEntityTest" time="0.0"/>
</testsuite>